<?xml version="1.0" encoding="UTF-8"?>
<!-- Generated by org.testng.reporters.JUnitXMLReporter -->
<testsuite ignored="0" hostname="Dragoljijasevic" failures="0" tests="7" name="NewProject" time="66.899" errors="0" timestamp="2023-01-21T17:15:34 CET">
  <testcase classname="Tests.LoginTest" name="userCanLogIn" time="4.168"/>
  <testcase classname="Tests.LoginTest" name="userCannotLogInWithInvalidUsername" time="2.288"/>
  <testcase classname="Tests.LoginTest" name="userCannotLogInWithInvalidPassword" time="2.24"/>
  <testcase classname="Tests.LoginTest" name="userCannotLogInWithInvalidUsernameAndPassword" time="1.397"/>
  <testcase classname="Tests.LoginTest" name="userCannotLogInWithInvalidUsernameAndPassword" time="1.501"/>
  <testcase classname="Tests.LoginTest" name="userCannotLogInWithInvalidUsernameAndPassword" time="1.34"/>
  <testcase classname="Tests.LoginTest" name="userCannotLogInWithRandomData" time="10.072"/>
</testsuite> <!-- NewProject -->
