<?xml version="1.0" encoding="UTF-8"?>
<testng-results ignored="0" total="7" passed="7" failed="0" skipped="0">
  <reporter-output>
  </reporter-output>
  <suite started-at="2023-01-21T17:14:28 CET" name="Default Suite" finished-at="2023-01-21T17:15:34 CET" duration-ms="66899">
    <groups>
    </groups>
    <test started-at="2023-01-21T17:14:28 CET" name="NewProject" finished-at="2023-01-21T17:15:34 CET" duration-ms="66899">
      <class name="Tests.LoginTest">
        <test-method is-config="true" signature="setUp()[pri:0, instance:Tests.LoginTest@1e730495]" started-at="2023-01-21T17:14:28 CET" name="setUp" finished-at="2023-01-21T17:14:29 CET" duration-ms="1372" status="PASS">
          <reporter-output>
          </reporter-output>
        </test-method> <!-- setUp -->
        <test-method is-config="true" signature="pageSetUp()[pri:0, instance:Tests.LoginTest@1e730495]" started-at="2023-01-21T17:14:29 CET" name="pageSetUp" finished-at="2023-01-21T17:14:35 CET" duration-ms="6536" status="PASS">
          <reporter-output>
          </reporter-output>
        </test-method> <!-- pageSetUp -->
        <test-method signature="userCanLogIn()[pri:10, instance:Tests.LoginTest@1e730495]" started-at="2023-01-21T17:14:35 CET" name="userCanLogIn" finished-at="2023-01-21T17:14:40 CET" duration-ms="4168" status="PASS">
          <reporter-output>
          </reporter-output>
        </test-method> <!-- userCanLogIn -->
        <test-method is-config="true" signature="tearDown(org.testng.ITestResult)[pri:0, instance:Tests.LoginTest@1e730495]" started-at="2023-01-21T17:14:40 CET" name="tearDown" finished-at="2023-01-21T17:14:40 CET" duration-ms="116" status="PASS">
          <params>
            <param index="0">
              <value>
                <![CDATA[[TestResult name=userCanLogIn status=SUCCESS method=LoginTest.userCanLogIn()[pri:10, instance:Tests.LoginTest@1e730495] output={null}]]]>
              </value>
            </param>
          </params>
          <reporter-output>
          </reporter-output>
        </test-method> <!-- tearDown -->
        <test-method is-config="true" signature="pageSetUp()[pri:0, instance:Tests.LoginTest@1e730495]" started-at="2023-01-21T17:14:40 CET" name="pageSetUp" finished-at="2023-01-21T17:14:45 CET" duration-ms="5716" status="PASS">
          <reporter-output>
          </reporter-output>
        </test-method> <!-- pageSetUp -->
        <test-method signature="userCannotLogInWithInvalidUsername()[pri:20, instance:Tests.LoginTest@1e730495]" started-at="2023-01-21T17:14:45 CET" name="userCannotLogInWithInvalidUsername" finished-at="2023-01-21T17:14:48 CET" duration-ms="2288" status="PASS">
          <reporter-output>
          </reporter-output>
        </test-method> <!-- userCannotLogInWithInvalidUsername -->
        <test-method is-config="true" signature="tearDown(org.testng.ITestResult)[pri:0, instance:Tests.LoginTest@1e730495]" started-at="2023-01-21T17:14:48 CET" name="tearDown" finished-at="2023-01-21T17:14:48 CET" duration-ms="126" status="PASS">
          <params>
            <param index="0">
              <value>
                <![CDATA[[TestResult name=userCannotLogInWithInvalidUsername status=SUCCESS method=LoginTest.userCannotLogInWithInvalidUsername()[pri:20, instance:Tests.LoginTest@1e730495] output={null}]]]>
              </value>
            </param>
          </params>
          <reporter-output>
          </reporter-output>
        </test-method> <!-- tearDown -->
        <test-method is-config="true" signature="pageSetUp()[pri:0, instance:Tests.LoginTest@1e730495]" started-at="2023-01-21T17:14:48 CET" name="pageSetUp" finished-at="2023-01-21T17:14:54 CET" duration-ms="5735" status="PASS">
          <reporter-output>
          </reporter-output>
        </test-method> <!-- pageSetUp -->
        <test-method signature="userCannotLogInWithInvalidPassword()[pri:30, instance:Tests.LoginTest@1e730495]" started-at="2023-01-21T17:14:54 CET" name="userCannotLogInWithInvalidPassword" finished-at="2023-01-21T17:14:56 CET" duration-ms="2240" status="PASS">
          <reporter-output>
          </reporter-output>
        </test-method> <!-- userCannotLogInWithInvalidPassword -->
        <test-method is-config="true" signature="tearDown(org.testng.ITestResult)[pri:0, instance:Tests.LoginTest@1e730495]" started-at="2023-01-21T17:14:56 CET" name="tearDown" finished-at="2023-01-21T17:14:56 CET" duration-ms="113" status="PASS">
          <params>
            <param index="0">
              <value>
                <![CDATA[[TestResult name=userCannotLogInWithInvalidPassword status=SUCCESS method=LoginTest.userCannotLogInWithInvalidPassword()[pri:30, instance:Tests.LoginTest@1e730495] output={null}]]]>
              </value>
            </param>
          </params>
          <reporter-output>
          </reporter-output>
        </test-method> <!-- tearDown -->
        <test-method is-config="true" signature="pageSetUp()[pri:0, instance:Tests.LoginTest@1e730495]" started-at="2023-01-21T17:14:56 CET" name="pageSetUp" finished-at="2023-01-21T17:15:02 CET" duration-ms="5761" status="PASS">
          <reporter-output>
          </reporter-output>
        </test-method> <!-- pageSetUp -->
        <test-method signature="userCannotLogInWithInvalidUsernameAndPassword(java.lang.String,java.lang.String)[pri:40, instance:Tests.LoginTest@1e730495]" started-at="2023-01-21T17:15:02 CET" name="userCannotLogInWithInvalidUsernameAndPassword" data-provider="usernameAndPassword" finished-at="2023-01-21T17:15:03 CET" duration-ms="1397" status="PASS">
          <params>
            <param index="0">
              <value>
                <![CDATA[username]]>
              </value>
            </param>
            <param index="1">
              <value>
                <![CDATA[password]]>
              </value>
            </param>
          </params>
          <reporter-output>
          </reporter-output>
        </test-method> <!-- userCannotLogInWithInvalidUsernameAndPassword -->
        <test-method is-config="true" signature="tearDown(org.testng.ITestResult)[pri:0, instance:Tests.LoginTest@1e730495]" started-at="2023-01-21T17:15:03 CET" name="tearDown" finished-at="2023-01-21T17:15:03 CET" duration-ms="112" status="PASS">
          <params>
            <param index="0">
              <value>
                <![CDATA[[TestResult name=userCannotLogInWithInvalidUsernameAndPassword status=SUCCESS method=LoginTest.userCannotLogInWithInvalidUsernameAndPassword(java.lang.String,java.lang.String)[pri:40, instance:Tests.LoginTest@1e730495] output={null}]]]>
              </value>
            </param>
          </params>
          <reporter-output>
          </reporter-output>
        </test-method> <!-- tearDown -->
        <test-method is-config="true" signature="pageSetUp()[pri:0, instance:Tests.LoginTest@1e730495]" started-at="2023-01-21T17:15:03 CET" name="pageSetUp" finished-at="2023-01-21T17:15:10 CET" duration-ms="6465" status="PASS">
          <reporter-output>
          </reporter-output>
        </test-method> <!-- pageSetUp -->
        <test-method signature="userCannotLogInWithInvalidUsernameAndPassword(java.lang.String,java.lang.String)[pri:40, instance:Tests.LoginTest@1e730495]" started-at="2023-01-21T17:15:10 CET" name="userCannotLogInWithInvalidUsernameAndPassword" data-provider="usernameAndPassword" finished-at="2023-01-21T17:15:11 CET" duration-ms="1501" status="PASS">
          <params>
            <param index="0">
              <value>
                <![CDATA[standard]]>
              </value>
            </param>
            <param index="1">
              <value>
                <![CDATA[pass_word]]>
              </value>
            </param>
          </params>
          <reporter-output>
          </reporter-output>
        </test-method> <!-- userCannotLogInWithInvalidUsernameAndPassword -->
        <test-method is-config="true" signature="tearDown(org.testng.ITestResult)[pri:0, instance:Tests.LoginTest@1e730495]" started-at="2023-01-21T17:15:11 CET" name="tearDown" finished-at="2023-01-21T17:15:11 CET" duration-ms="108" status="PASS">
          <params>
            <param index="0">
              <value>
                <![CDATA[[TestResult name=userCannotLogInWithInvalidUsernameAndPassword status=SUCCESS method=LoginTest.userCannotLogInWithInvalidUsernameAndPassword(java.lang.String,java.lang.String)[pri:40, instance:Tests.LoginTest@1e730495] output={null}]]]>
              </value>
            </param>
          </params>
          <reporter-output>
          </reporter-output>
        </test-method> <!-- tearDown -->
        <test-method is-config="true" signature="pageSetUp()[pri:0, instance:Tests.LoginTest@1e730495]" started-at="2023-01-21T17:15:11 CET" name="pageSetUp" finished-at="2023-01-21T17:15:17 CET" duration-ms="5767" status="PASS">
          <reporter-output>
          </reporter-output>
        </test-method> <!-- pageSetUp -->
        <test-method signature="userCannotLogInWithInvalidUsernameAndPassword(java.lang.String,java.lang.String)[pri:40, instance:Tests.LoginTest@1e730495]" started-at="2023-01-21T17:15:17 CET" name="userCannotLogInWithInvalidUsernameAndPassword" data-provider="usernameAndPassword" finished-at="2023-01-21T17:15:18 CET" duration-ms="1340" status="PASS">
          <params>
            <param index="0">
              <value>
                <![CDATA[user]]>
              </value>
            </param>
            <param index="1">
              <value>
                <![CDATA[pass]]>
              </value>
            </param>
          </params>
          <reporter-output>
          </reporter-output>
        </test-method> <!-- userCannotLogInWithInvalidUsernameAndPassword -->
        <test-method is-config="true" signature="tearDown(org.testng.ITestResult)[pri:0, instance:Tests.LoginTest@1e730495]" started-at="2023-01-21T17:15:18 CET" name="tearDown" finished-at="2023-01-21T17:15:19 CET" duration-ms="110" status="PASS">
          <params>
            <param index="0">
              <value>
                <![CDATA[[TestResult name=userCannotLogInWithInvalidUsernameAndPassword status=SUCCESS method=LoginTest.userCannotLogInWithInvalidUsernameAndPassword(java.lang.String,java.lang.String)[pri:40, instance:Tests.LoginTest@1e730495] output={null}]]]>
              </value>
            </param>
          </params>
          <reporter-output>
          </reporter-output>
        </test-method> <!-- tearDown -->
        <test-method is-config="true" signature="pageSetUp()[pri:0, instance:Tests.LoginTest@1e730495]" started-at="2023-01-21T17:15:19 CET" name="pageSetUp" finished-at="2023-01-21T17:15:24 CET" duration-ms="5641" status="PASS">
          <reporter-output>
          </reporter-output>
        </test-method> <!-- pageSetUp -->
        <test-method signature="userCannotLogInWithRandomData()[pri:50, instance:Tests.LoginTest@1e730495]" started-at="2023-01-21T17:15:24 CET" name="userCannotLogInWithRandomData" finished-at="2023-01-21T17:15:34 CET" duration-ms="10072" status="PASS">
          <reporter-output>
          </reporter-output>
        </test-method> <!-- userCannotLogInWithRandomData -->
        <test-method is-config="true" signature="tearDown(org.testng.ITestResult)[pri:0, instance:Tests.LoginTest@1e730495]" started-at="2023-01-21T17:15:34 CET" name="tearDown" finished-at="2023-01-21T17:15:34 CET" duration-ms="107" status="PASS">
          <params>
            <param index="0">
              <value>
                <![CDATA[[TestResult name=userCannotLogInWithRandomData status=SUCCESS method=LoginTest.userCannotLogInWithRandomData()[pri:50, instance:Tests.LoginTest@1e730495] output={null}]]]>
              </value>
            </param>
          </params>
          <reporter-output>
          </reporter-output>
        </test-method> <!-- tearDown -->
      </class> <!-- Tests.LoginTest -->
    </test> <!-- NewProject -->
  </suite> <!-- Default Suite -->
</testng-results>
